=======================================================
UK FLOOD INSURANCE CAT MODEL
=======================================================

Loading data...
  Loaded AMAX: 2,332 records, 50 stations
  WARNING: Land Registry postcode data not found.
  Loaded validation events: 13 known flood events

Building hazard layer...
  Hazard layer: 48 stations, method=gev_mle

Building exposure layer...
  No Land Registry data — using synthetic exposure layer
  Exposure layer: 5000 postcodes

Running 10,000 stochastic events...
  Total Insured Value: £582.0bn

=======================================================
LOSS EXCEEDANCE CURVE SUMMARY
=======================================================

Annual Average Loss (AAL):          £5,871m
TVaR (99.5% / 1-in-200 year):       £3,013m

Return Period Losses:
  1-in-2     year:  £  33,855m
  1-in-5     year:  £  33,855m
  1-in-10    year:  £  33,855m
  1-in-20    year:  £  33,855m
  1-in-50    year:  £  33,855m
  1-in-100   year:  £  33,855m
  1-in-200   year:  £  33,855m
  1-in-500   year:  £  33,855m
  1-in-1000  year:  £  33,855m

Validation against known UK flood events:
                                             event  year  observed_loss_gbpm  implied_return_period_modelled confidence
                                2007 Summer Floods  2007                3200                            34.6       high
                                2000 Autumn Floods  2000                1300                            10.0     medium
Winter 2015/16 Floods (Storms Desmond, Eva, Frank)  2015                1300                            10.0       high
                             2013/14 Winter Floods  2013                1100                             8.2       high
                         2012 Summer/Autumn Floods  2012                 600                             4.0     medium
                             2019/20 Winter Floods  2019                 360                             2.4       high
                              Carlisle Floods 2005  2005                 272                             2.0       high
                                  Storm Babet 2023  2023                 200                             2.0     medium
                               Cumbria Floods 2009  2009                 174                             2.0       high
                              2021 Summer Flooding  2021                 140                             2.0     medium
                             Boscastle Flash Flood  2004                  15                             2.0       high

Model score (lower=better): 0.3782
  Log-RMSE:       0.2580
  Bias:           -0.0850
  Tail accuracy:  0.2587
=======================================================

val_score: 0.3782
